Tue, 15 Feb 2022 11:05:16 GMT | INFO  | Server is running on port : 3000
Tue, 15 Feb 2022 11:06:39 GMT | INFO  | Server is running on port : 3000
Tue, 15 Feb 2022 11:08:45 GMT | INFO  | Server is running on port : 3000
Tue, 15 Feb 2022 11:19:08 GMT | INFO  | Server is running on port : 3000
Tue, 15 Feb 2022 11:20:02 GMT | INFO  | Server is running on port : 3000
Tue, 15 Feb 2022 11:20:50 GMT | INFO  | Server is running on port : 3000
Tue, 15 Feb 2022 11:20:50 GMT | INFO  | Connected to database
Tue, 15 Feb 2022 11:21:01 GMT | INFO  | Server is running on port : 3000
Tue, 15 Feb 2022 11:21:01 GMT | INFO  | Connected to database
Tue, 15 Feb 2022 11:50:29 GMT | INFO  | Server is running on port : 3000
Tue, 15 Feb 2022 11:50:29 GMT | INFO  | Connected to database
Tue, 15 Feb 2022 12:01:40 GMT | INFO  | Server is running on port : 3000
Tue, 15 Feb 2022 12:01:40 GMT | INFO  | Connected to database
Fri, 18 Feb 2022 08:27:49 GMT | INFO  | Server is running on port : 3000
Fri, 18 Feb 2022 08:27:49 GMT | INFO  | Connected to database
Fri, 18 Feb 2022 08:29:10 GMT | INFO  | Server is running on port : 3000
Fri, 18 Feb 2022 08:29:10 GMT | INFO  | Connected to database
Fri, 18 Feb 2022 08:47:16 GMT | INFO  | Server is running on port : 3000
Fri, 18 Feb 2022 08:47:16 GMT | INFO  | Connected to database
Fri, 18 Feb 2022 09:05:05 GMT | INFO  | Server is running on port : 3000
Fri, 18 Feb 2022 09:05:05 GMT | INFO  | Connected to database
Fri, 18 Feb 2022 09:12:07 GMT | INFO  | Server is running on port : 3000
Fri, 18 Feb 2022 09:12:07 GMT | INFO  | Connected to database
Fri, 18 Feb 2022 09:15:04 GMT | INFO  | Server is running on port : 3000
Fri, 18 Feb 2022 09:15:04 GMT | INFO  | Connected to database
Fri, 18 Feb 2022 09:26:53 GMT | INFO  | Server is running on port : 3000
Fri, 18 Feb 2022 09:26:53 GMT | INFO  | Connected to database
Fri, 18 Feb 2022 09:43:57 GMT | INFO  | Server is running on port : 3000
Fri, 18 Feb 2022 09:43:57 GMT | INFO  | Connected to database
Fri, 04 Mar 2022 08:52:47 GMT | INFO  | Server is running on port : 3000
Fri, 04 Mar 2022 08:59:02 GMT | INFO  | Server is running on port : 3000
Fri, 04 Mar 2022 09:01:00 GMT | INFO  | Server is running on port : 3000
Fri, 04 Mar 2022 09:05:52 GMT | INFO  | Server is running on port : 3000
Fri, 04 Mar 2022 09:09:05 GMT | INFO  | Server is running on port : 3000
Tue, 08 Mar 2022 20:26:44 GMT | INFO  | Server is running on port : 3000
Tue, 08 Mar 2022 20:46:35 GMT | INFO  | Server is running on port : 3000
Tue, 08 Mar 2022 20:53:03 GMT | INFO  | Server is running on port : 3000
Tue, 08 Mar 2022 20:53:03 GMT | INFO  | Connected to database
Tue, 08 Mar 2022 20:58:56 GMT | INFO  | Server is running on port : 3000
Tue, 08 Mar 2022 20:58:56 GMT | INFO  | Connected to database
Tue, 08 Mar 2022 21:35:37 GMT | INFO  | Server is running on port : 3000
Tue, 08 Mar 2022 21:35:37 GMT | INFO  | Connected to database
Tue, 08 Mar 2022 21:45:55 GMT | INFO  | Server is running on port : 3000
Tue, 08 Mar 2022 21:45:55 GMT | INFO  | Connected to database
Tue, 08 Mar 2022 23:48:33 GMT | INFO  | Server is running on port : 3000
Tue, 08 Mar 2022 23:48:33 GMT | INFO  | Connected to database
Wed, 09 Mar 2022 00:27:16 GMT | INFO  | Server is running on port : 3000
Wed, 09 Mar 2022 00:27:16 GMT | INFO  | Connected to database
Wed, 09 Mar 2022 13:29:20 GMT | INFO  | Server is running on port : 3000
Wed, 09 Mar 2022 13:29:20 GMT | INFO  | Connected to database
Wed, 09 Mar 2022 14:14:58 GMT | INFO  | Server is running on port : 3000
Wed, 09 Mar 2022 14:14:58 GMT | INFO  | Connected to database
Wed, 09 Mar 2022 14:19:01 GMT | INFO  | Server is running on port : 3000
Wed, 09 Mar 2022 14:19:01 GMT | INFO  | Connected to database
Wed, 09 Mar 2022 15:02:12 GMT | INFO  | Server is running on port : 3000
Wed, 09 Mar 2022 15:02:12 GMT | INFO  | Connected to database
Wed, 09 Mar 2022 15:08:28 GMT | INFO  | Server is running on port : 3000
Wed, 09 Mar 2022 15:08:28 GMT | INFO  | Connected to database
Wed, 09 Mar 2022 15:08:54 GMT | INFO  | Server is running on port : 3000
Wed, 09 Mar 2022 15:08:54 GMT | INFO  | Connected to database
Wed, 09 Mar 2022 15:09:05 GMT | INFO  | Server is running on port : 3000
Wed, 09 Mar 2022 15:09:05 GMT | INFO  | Connected to database
Wed, 09 Mar 2022 15:09:18 GMT | INFO  | Server is running on port : 3000
Wed, 09 Mar 2022 15:09:18 GMT | INFO  | Connected to database
Thu, 10 Mar 2022 08:49:28 GMT | INFO  | Server is running on port : 3000
Thu, 10 Mar 2022 09:31:03 GMT | INFO  | Server is running on port : 3000
Thu, 10 Mar 2022 09:31:03 GMT | INFO  | Connected to database
Thu, 10 Mar 2022 10:14:00 GMT | INFO  | Server is running on port : 3000
Thu, 10 Mar 2022 10:14:00 GMT | INFO  | Connected to database
Fri, 11 Mar 2022 19:07:50 GMT | INFO  | Server is running on port : 3000
Fri, 11 Mar 2022 19:08:12 GMT | INFO  | Server is running on port : 3000
Fri, 11 Mar 2022 19:08:12 GMT | INFO  | Connected to database
Tue, 15 Mar 2022 11:30:27 GMT | INFO  | Server is running on port : 3000
Tue, 15 Mar 2022 11:30:27 GMT | INFO  | Connected to database
Tue, 15 Mar 2022 16:24:15 GMT | INFO  | Server is running on port : 3000
Tue, 15 Mar 2022 16:24:15 GMT | INFO  | Connected to database
Tue, 15 Mar 2022 18:05:43 GMT | INFO  | Server is running on port : 3000
Tue, 15 Mar 2022 18:06:16 GMT | INFO  | Server is running on port : 3000
Tue, 15 Mar 2022 18:06:16 GMT | INFO  | Connected to database
Tue, 15 Mar 2022 18:14:06 GMT | INFO  | Server is running on port : 3000
Tue, 15 Mar 2022 18:14:06 GMT | INFO  | Connected to database
Wed, 16 Mar 2022 08:47:31 GMT | INFO  | Server is running on port : 3000
Wed, 16 Mar 2022 08:48:05 GMT | INFO  | Server is running on port : 3000
Wed, 16 Mar 2022 08:48:05 GMT | INFO  | Connected to database
Wed, 16 Mar 2022 09:39:36 GMT | INFO  | Server is running on port : 3000
Wed, 16 Mar 2022 09:39:36 GMT | INFO  | Connected to database
Wed, 16 Mar 2022 09:45:08 GMT | INFO  | Server is running on port : 3000
Wed, 16 Mar 2022 09:45:08 GMT | INFO  | Connected to database
Wed, 16 Mar 2022 13:48:00 GMT | INFO  | Server is running on port : 3000
Wed, 16 Mar 2022 13:48:00 GMT | INFO  | Connected to database
Thu, 17 Mar 2022 10:11:33 GMT | INFO  | Server is running on port : 3000
Thu, 17 Mar 2022 10:11:33 GMT | INFO  | Connected to database
Fri, 18 Mar 2022 10:38:38 GMT | INFO  | Server is running on port : 3000
Fri, 18 Mar 2022 10:38:52 GMT | INFO  | Server is running on port : 3000
Fri, 18 Mar 2022 10:38:52 GMT | INFO  | Connected to database
Sun, 20 Mar 2022 07:54:42 GMT | INFO  | Server is running on port : 3000
Sun, 20 Mar 2022 07:55:39 GMT | INFO  | Server is running on port : 3000
Sun, 20 Mar 2022 07:55:39 GMT | INFO  | Connected to database
Sun, 20 Mar 2022 14:39:22 GMT | INFO  | Server is running on port : 3000
Sun, 20 Mar 2022 14:39:22 GMT | INFO  | Connected to database
Sun, 20 Mar 2022 15:00:10 GMT | INFO  | Server is running on port : 3000
Sun, 20 Mar 2022 15:00:10 GMT | INFO  | Connected to database
Sun, 20 Mar 2022 15:01:24 GMT | INFO  | Server is running on port : 3000
Sun, 20 Mar 2022 15:01:24 GMT | INFO  | Connected to database
Sun, 20 Mar 2022 15:02:22 GMT | INFO  | Server is running on port : 3000
Sun, 20 Mar 2022 15:02:22 GMT | INFO  | Connected to database
Sun, 20 Mar 2022 15:22:43 GMT | INFO  | Server is running on port : 3000
Sun, 20 Mar 2022 15:22:43 GMT | INFO  | Connected to database
Sun, 20 Mar 2022 15:23:55 GMT | INFO  | Server is running on port : 3000
Sun, 20 Mar 2022 15:23:55 GMT | INFO  | Connected to database
Sun, 20 Mar 2022 15:24:52 GMT | INFO  | Server is running on port : 3000
Sun, 20 Mar 2022 15:24:52 GMT | INFO  | Connected to database
Sun, 20 Mar 2022 15:47:31 GMT | INFO  | Server is running on port : 3000
Sun, 20 Mar 2022 15:47:31 GMT | INFO  | Connected to database
Sun, 20 Mar 2022 16:45:56 GMT | INFO  | Server is running on port : 3000
Sun, 20 Mar 2022 16:45:56 GMT | INFO  | Connected to database
Sun, 20 Mar 2022 16:46:25 GMT | INFO  | Server is running on port : 3000
Sun, 20 Mar 2022 16:46:25 GMT | INFO  | Connected to database
Sun, 20 Mar 2022 16:49:00 GMT | INFO  | Server is running on port : 3000
Sun, 20 Mar 2022 16:49:00 GMT | INFO  | Connected to database
Sun, 20 Mar 2022 16:53:53 GMT | INFO  | Server is running on port : 3000
Sun, 20 Mar 2022 16:53:53 GMT | INFO  | Connected to database
Sun, 20 Mar 2022 16:56:01 GMT | INFO  | Server is running on port : 3000
Sun, 20 Mar 2022 16:56:01 GMT | INFO  | Connected to database
Sun, 20 Mar 2022 16:56:55 GMT | INFO  | Server is running on port : 3000
Sun, 20 Mar 2022 16:56:55 GMT | INFO  | Connected to database
Sun, 20 Mar 2022 17:00:51 GMT | INFO  | Server is running on port : 3000
Sun, 20 Mar 2022 17:00:51 GMT | INFO  | Connected to database
Sun, 20 Mar 2022 17:03:59 GMT | INFO  | Server is running on port : 3000
Sun, 20 Mar 2022 17:03:59 GMT | INFO  | Connected to database
Sun, 20 Mar 2022 20:28:27 GMT | INFO  | Server is running on port : 3000
Sun, 20 Mar 2022 20:28:27 GMT | INFO  | Connected to database
Mon, 21 Mar 2022 12:30:50 GMT | INFO  | Server is running on port : 3000
Mon, 21 Mar 2022 12:32:07 GMT | INFO  | Server is running on port : 3000
Mon, 21 Mar 2022 12:32:07 GMT | INFO  | Connected to database
Tue, 22 Mar 2022 17:43:39 GMT | INFO  | Server is running on port : 3000
Tue, 22 Mar 2022 17:44:04 GMT | INFO  | Server is running on port : 3000
Tue, 22 Mar 2022 17:44:04 GMT | INFO  | Connected to database
Tue, 22 Mar 2022 20:51:03 GMT | INFO  | Server is running on port : 3000
Tue, 22 Mar 2022 20:51:03 GMT | INFO  | Connected to database
Tue, 22 Mar 2022 20:51:19 GMT | INFO  | Server is running on port : 3000
Tue, 22 Mar 2022 20:51:19 GMT | INFO  | Connected to database
Tue, 22 Mar 2022 20:56:17 GMT | INFO  | Server is running on port : 3000
Tue, 22 Mar 2022 20:56:17 GMT | INFO  | Connected to database
Tue, 22 Mar 2022 20:57:19 GMT | INFO  | Server is running on port : 3000
Tue, 22 Mar 2022 20:57:19 GMT | INFO  | Connected to database
Tue, 22 Mar 2022 20:58:21 GMT | INFO  | Server is running on port : 3000
Tue, 22 Mar 2022 20:58:21 GMT | INFO  | Connected to database
Tue, 22 Mar 2022 21:01:28 GMT | INFO  | Server is running on port : 3000
Tue, 22 Mar 2022 21:01:28 GMT | INFO  | Connected to database
Tue, 22 Mar 2022 21:02:08 GMT | INFO  | Server is running on port : 3000
Tue, 22 Mar 2022 21:02:09 GMT | INFO  | Connected to database
Tue, 22 Mar 2022 21:02:46 GMT | INFO  | Server is running on port : 3000
Tue, 22 Mar 2022 21:02:46 GMT | INFO  | Connected to database
Tue, 22 Mar 2022 21:03:07 GMT | INFO  | Server is running on port : 3000
Tue, 22 Mar 2022 21:03:07 GMT | INFO  | Connected to database
Tue, 22 Mar 2022 21:06:09 GMT | INFO  | Server is running on port : 3000
Tue, 22 Mar 2022 21:06:09 GMT | INFO  | Connected to database
Tue, 22 Mar 2022 21:07:19 GMT | INFO  | Server is running on port : 3000
Tue, 22 Mar 2022 21:07:19 GMT | INFO  | Connected to database
Tue, 22 Mar 2022 21:08:50 GMT | INFO  | Server is running on port : 3000
Tue, 22 Mar 2022 21:08:50 GMT | INFO  | Connected to database
Tue, 22 Mar 2022 21:10:27 GMT | INFO  | Server is running on port : 3000
Tue, 22 Mar 2022 21:10:27 GMT | INFO  | Connected to database
Tue, 22 Mar 2022 21:13:35 GMT | INFO  | Server is running on port : 3000
Tue, 22 Mar 2022 21:13:35 GMT | INFO  | Connected to database
Tue, 22 Mar 2022 21:16:43 GMT | INFO  | Server is running on port : 3000
Tue, 22 Mar 2022 21:16:43 GMT | INFO  | Connected to database
Tue, 22 Mar 2022 21:17:15 GMT | INFO  | Server is running on port : 3000
Tue, 22 Mar 2022 21:17:15 GMT | INFO  | Connected to database
Tue, 22 Mar 2022 21:18:24 GMT | INFO  | Server is running on port : 3000
Tue, 22 Mar 2022 21:18:24 GMT | INFO  | Connected to database
Tue, 22 Mar 2022 21:19:15 GMT | INFO  | Server is running on port : 3000
Tue, 22 Mar 2022 21:19:16 GMT | INFO  | Connected to database
Tue, 22 Mar 2022 21:19:55 GMT | INFO  | Server is running on port : 3000
Tue, 22 Mar 2022 21:19:55 GMT | INFO  | Connected to database
Tue, 22 Mar 2022 21:20:54 GMT | INFO  | Server is running on port : 3000
Tue, 22 Mar 2022 21:20:54 GMT | INFO  | Connected to database
Tue, 22 Mar 2022 21:21:59 GMT | INFO  | Server is running on port : 3000
Tue, 22 Mar 2022 21:21:59 GMT | INFO  | Connected to database
Tue, 22 Mar 2022 22:52:59 GMT | INFO  | Server is running on port : 3000
Tue, 22 Mar 2022 22:52:59 GMT | INFO  | Connected to database
Wed, 23 Mar 2022 00:38:27 GMT | INFO  | Server is running on port : 3000
Wed, 23 Mar 2022 00:38:27 GMT | INFO  | Connected to database
Wed, 23 Mar 2022 01:06:30 GMT | INFO  | Server is running on port : 3000
Wed, 23 Mar 2022 01:06:30 GMT | INFO  | Connected to database
Wed, 23 Mar 2022 03:19:09 GMT | INFO  | Server is running on port : 3000
Wed, 23 Mar 2022 03:19:09 GMT | INFO  | Connected to database
Wed, 23 Mar 2022 03:28:09 GMT | INFO  | Server is running on port : 3000
Wed, 23 Mar 2022 03:28:09 GMT | INFO  | Connected to database
Wed, 23 Mar 2022 03:34:38 GMT | INFO  | Server is running on port : 3000
Wed, 23 Mar 2022 03:34:39 GMT | INFO  | Connected to database
Wed, 23 Mar 2022 03:35:13 GMT | INFO  | Server is running on port : 3000
Wed, 23 Mar 2022 03:35:13 GMT | INFO  | Connected to database
Wed, 23 Mar 2022 03:39:51 GMT | INFO  | Server is running on port : 3000
Wed, 23 Mar 2022 03:39:51 GMT | INFO  | Connected to database
Wed, 23 Mar 2022 03:46:12 GMT | INFO  | Server is running on port : 3000
Wed, 23 Mar 2022 03:46:12 GMT | INFO  | Connected to database
Wed, 23 Mar 2022 03:48:34 GMT | INFO  | Server is running on port : 3000
Wed, 23 Mar 2022 03:48:34 GMT | INFO  | Connected to database
Wed, 23 Mar 2022 12:44:46 GMT | INFO  | Server is running on port : 3000
Wed, 23 Mar 2022 12:45:55 GMT | INFO  | Server is running on port : 3000
Wed, 23 Mar 2022 12:45:55 GMT | INFO  | Connected to database
Wed, 23 Mar 2022 13:05:20 GMT | INFO  | Server is running on port : 3000
Wed, 23 Mar 2022 13:05:20 GMT | INFO  | Connected to database
Wed, 23 Mar 2022 13:07:08 GMT | INFO  | Server is running on port : 3000
Wed, 23 Mar 2022 13:07:08 GMT | INFO  | Connected to database
Thu, 24 Mar 2022 18:21:47 GMT | INFO  | Server is running on port : 3000
Thu, 24 Mar 2022 18:22:47 GMT | INFO  | Server is running on port : 3000
Thu, 24 Mar 2022 18:22:48 GMT | INFO  | Connected to database
